Step: build-step-credential-initializer:

{"level":"warn","ts":1551972966.4858463,"logger":"fallback-logger","caller":"logging/config.go:65","msg":"Fetch GitHub commit ID from kodata failed: \"ref: refs/heads/test\" is not a valid GitHub commit ID"}
{"level":"info","ts":1551972966.4876401,"logger":"fallback-logger","caller":"creds-init/main.go:40","msg":"Credentials initialized."}
Step: build-step-git-source-0:

{"level":"warn","ts":1551972967.0704048,"logger":"fallback-logger","caller":"logging/config.go:65","msg":"Fetch GitHub commit ID from kodata failed: \"ref: refs/heads/test\" is not a valid GitHub commit ID"}
{"level":"info","ts":1551972969.1386518,"logger":"fallback-logger","caller":"git-init/main.go:92","msg":"Successfully cloned \"https://github.com/Woap/croc-hunter-jenkinsx-serverless.git\" @ \"eca459db6651451d32cddbd21313c83d895fe455\" in path \"/workspace\""}
Step: build-step-jenkins:

Picked up _JAVA_OPTIONS: -Xmx400m
Started
Running in Durability level: PERFORMANCE_OPTIMIZED
  15.938 [id=39]	WARNING	i.f.k.c.i.VersionUsageUtils#alert: The client is using resource type 'customresourcedefinitions' with unstable version 'v1beta1'
[Pipeline] node
Running on Jenkins in /tmp/jenkinsTests.tmp/jenkins2397131608485725016test/workspace/job
[Pipeline] {
[Pipeline] stage
[Pipeline] { (Declarative: Checkout SCM)
[Pipeline] checkout
[Pipeline] }
[Pipeline] // stage
[Pipeline] withCredentials
[Pipeline] {
[Pipeline] withEnv
[Pipeline] {
[Pipeline] stage
[Pipeline] { (CI Build and push snapshot)
Stage "CI Build and push snapshot" skipped due to when conditional
[Pipeline] }
[Pipeline] // stage
[Pipeline] stage
[Pipeline] { (Build Release)
[Pipeline] dir
Running in /home/jenkins/go/src/github.com/carlossg/croc-hunter-jenkinsx-serverless
[Pipeline] {
[Pipeline] checkout
[Pipeline] }
[Pipeline] // dir
[Pipeline] dir
Running in /home/jenkins/go/src/github.com/carlossg/croc-hunter-jenkinsx-serverless/charts/croc-hunter-jenkinsx
[Pipeline] {
[Pipeline] sh
+ git config --global credential.helper store
[Pipeline] sh
+ jx step validate --min-jx-version 1.1.73
[Pipeline] sh
+ jx step git credentials
Generated Git credentials file /home/jenkins/git/credentials
[Pipeline] }
[Pipeline] // dir
[Pipeline] dir
Running in /home/jenkins/go/src/github.com/carlossg/croc-hunter-jenkinsx-serverless
[Pipeline] {
[Pipeline] sh
+ jx-release-version
+ echo 0.0.140
[Pipeline] }
[Pipeline] // dir
[Pipeline] dir
Running in /home/jenkins/go/src/github.com/carlossg/croc-hunter-jenkinsx-serverless/charts/croc-hunter-jenkinsx
[Pipeline] {
[Pipeline] sh
+ make tag
sed -i -e "s/version:.*/version: 0.0.140/" Chart.yaml
sed -i -e "s|repository: .*|repository: 10.19.242.223:5000\/carlossg\/croc-hunter-jenkinsx|" values.yaml
sed -i -e "s/tag: .*/tag: 0.0.140/" values.yaml
git add --all
git commit -m "release 0.0.140" --allow-empty # if first release then no verion update is performed
[master 31d1797] release 0.0.140
 5 files changed, 10 insertions(+), 3 deletions(-)
 create mode 100644 VERSION
 create mode 100644 charts/croc-hunter-jenkinsx@tmp/durable-2fb7ba01/jenkins-log.txt
 create mode 100644 charts/croc-hunter-jenkinsx@tmp/durable-2fb7ba01/script.sh
git tag -fa v0.0.140 -m "Release version 0.0.140"
git push origin v0.0.140
To https://github.com/Woap/croc-hunter-jenkinsx-serverless.git
 * [new tag]         v0.0.140 -> v0.0.140
[Pipeline] }
[Pipeline] // dir
[Pipeline] dir
Running in /home/jenkins/go/src/github.com/carlossg/croc-hunter-jenkinsx-serverless
[Pipeline] {
[Pipeline] sh
+ cat VERSION
+ make VERSION=0.0.140 GIT_COMMIT=eca459db6651451d32cddbd21313c83d895fe455 build
cp skaffold.yaml skaffold.yaml.new
sed -i -e "s/{{.VERSION}}/0.0.140/" skaffold.yaml.new
sed -i -e "s/{{.GIT_COMMIT}}/eca459db6651451d32cddbd21313c83d895fe455/" skaffold.yaml.new
CGO_ENABLED=0 GO15VENDOREXPERIMENT=1 go build -ldflags '' -o bin/croc-hunter-jenkinsx croc-hunter.go
[Pipeline] sh
+ cat VERSION
+ export VERSION=0.0.140
+ skaffold build -f skaffold.yaml.new
time="2019-03-07T15:37:00Z" level=warning msg="config version (skaffold/v1beta1) out of date: upgrading to latest (skaffold/v1beta3)"
Starting build...
Building [changeme]...
Sending build context to Docker daemon  525.8kBSending build context to Docker daemon  5.539MBSending build context to Docker daemon   6.99MB
Step 1/10 : FROM scratch
 ---> 
Step 2/10 : ARG GIT_SHA
 ---> Using cache
 ---> 4dcdeb8153f0
Step 3/10 : ARG WORKFLOW_RELEASE
 ---> Using cache
 ---> eff201aac8f3
Step 4/10 : ENV GIT_SHA $GIT_SHA
 ---> Running in a381e3a63f9f
 ---> 95180cdf3d30
Step 5/10 : ENV WORKFLOW_RELEASE $WORKFLOW_RELEASE
 ---> Running in dad24787aafa
 ---> 2e69eb2692be
Step 6/10 : ENV POWERED_BY Jenkins-X
 ---> Running in a57a2f960f31
 ---> 212385418b62
Step 7/10 : EXPOSE 8080
 ---> Running in 2d253d46c9de
 ---> 28736c6e78da
Step 8/10 : ENTRYPOINT /croc-hunter-jenkinsx
 ---> Running in a8f5dfe35440
 ---> b82789613978
Step 9/10 : COPY ./bin/ /
 ---> 7fe705057170
Step 10/10 : COPY static/ static/
 ---> a9418755f4ae
Successfully built a9418755f4ae
The push refers to a repository [10.19.242.223:5000/carlossg/croc-hunter-jenkinsx]
1c32ce176040: Preparing
5b2865ec3085: Preparing
1c32ce176040: Pushed
5b2865ec3085: Pushed
0.0.140: digest: sha256:bc4d5f2437211618591bed74293074c909e5f433d290ffa90c30ebd97453c8bf size: 738
Build complete in 2.510954066s
Starting test...
Test complete in 7.296µs
changeme -> 10.19.242.223:5000/carlossg/croc-hunter-jenkinsx:0.0.140
[Pipeline] sh
+ jx step validate --min-jx-version 1.2.36
[Pipeline] sh
+ cat VERSION
+ jx step post build --image 10.19.242.223:5000/carlossg/croc-hunter-jenkinsx:0.0.140
[Pipeline] }
[Pipeline] // dir
[Pipeline] }
[Pipeline] // stage
[Pipeline] stage
[Pipeline] { (Promote to Environments)
[Pipeline] dir
Running in /home/jenkins/go/src/github.com/carlossg/croc-hunter-jenkinsx-serverless/charts/croc-hunter-jenkinsx
[Pipeline] {
[Pipeline] sh
+ cat ../../VERSION
+ jx step changelog --version v0.0.140 --generate-yaml=false
Using batch mode as inside a pipeline
Converted /home/jenkins/go/src/github.com/carlossg/croc-hunter-jenkinsx-serverless/charts/croc-hunter-jenkinsx to an unshallow repository
Generating change log from git ref eca459db6651451d32cddbd21313c83d895fe455 => 31d1797d21329206ac7e91cb544b731b7ff88e59
Failed to enrich commits with issues: User.jenkins.io "" is invalid: metadata.name: Required value: name or generateName is required
Failed to enrich commits with issues: User.jenkins.io "" is invalid: metadata.name: Required value: name or generateName is required
Finding issues in commit messages using git format
No release found for Woap/croc-hunter-jenkinsx-serverless and tag v0.0.140 so creating a new release
Updated the release information at https://github.com/Woap/croc-hunter-jenkinsx-serverless/releases/tag/v0.0.140
Created Release croc-hunter-jenkinsx-serverless-0-0-140 resource in namespace jx
Updating PipelineActivity woap-croc-hunter-jenkinsx-serverless-master-9 with version 0.0.140
Updated PipelineActivities woap-croc-hunter-jenkinsx-serverless-master-9 with release notes URL: https://github.com/Woap/croc-hunter-jenkinsx-serverless/releases/tag/v0.0.140
[Pipeline] sh
+ make release
rm -rf charts
rm -rf croc-hunter-jenkinsx*.tgz
helm dependency build
No requirements found in ./charts.
helm lint
==> Linting .
Lint OK

1 chart(s) linted, no failures
helm init --client-only
Creating /builder/home/.helm 
Creating /builder/home/.helm/repository 
Creating /builder/home/.helm/repository/cache 
Creating /builder/home/.helm/repository/local 
Creating /builder/home/.helm/plugins 
Creating /builder/home/.helm/starters 
Creating /builder/home/.helm/cache/archive 
Creating /builder/home/.helm/repository/repositories.yaml 
Adding stable repo with URL: https://kubernetes-charts.storage.googleapis.com 
Adding local repo with URL: http://127.0.0.1:8879/charts 
$HELM_HOME has been configured at /builder/home/.helm.
Not installing Tiller due to 'client-only' flag having been set
Happy Helming!
helm package .
Successfully packaged chart and saved it to: /home/jenkins/go/src/github.com/carlossg/croc-hunter-jenkinsx-serverless/charts/croc-hunter-jenkinsx/croc-hunter-jenkinsx-0.0.140.tgz
curl --fail -u **** --data-binary "@croc-hunter-jenkinsx-0.0.140.tgz" http://jenkins-x-chartmuseum:8080/api/charts
  % Total    % Received % Xferd  Average Speed   Time    Time     Time  Current
                                 Dload  Upload   Total   Spent    Left  Speed
  0     0    0     0    0     0      0      0 --:--:-- --:--:-- --:--:--     0100  3159  100    14  100  3145    268  60398 --:--:-- --:--:-- --:--:-- 61666
{"saved":true}rm -rf croc-hunter-jenkinsx*.tgz%
[Pipeline] sh
+ cat ../../VERSION
+ jx promote -b --all-auto --timeout 1h --version 0.0.140 --no-wait
prow based install so skip waiting for the merge of Pull Requests to go green as currently there is an issue with gettingstatuses from the PR, see https://github.com/jenkins-x/jx/issues/2410
Promoting app croc-hunter-jenkinsx version 0.0.140 to namespace jx-staging
Created Pull Request: https://github.com/Woap/environment-howlerglacier-staging/pull/14

Pull Request https://github.com/Woap/environment-howlerglacier-staging/pull/14 is merged at sha 9442587577db27b36e3eb77323510901ce27d220
[Pipeline] }
[Pipeline] // dir
[Pipeline] }
[Pipeline] // stage
[Pipeline] }
[Pipeline] // withEnv
[Pipeline] }
[Pipeline] // withCredentials
[Pipeline] }
[Pipeline] // node
[Pipeline] End of Pipeline
Finished: SUCCESS
